{"/Volumes/app/algo/其他/以某个长度分割数组.js": {"path":"/Volumes/app/algo/其他/以某个长度分割数组.js","statementMap":{"0":{"start":{"line":14,"column":16},"end":{"line":14,"column":18}},"1":{"start":{"line":16,"column":14},"end":{"line":16,"column":24}},"2":{"start":{"line":17,"column":10},"end":{"line":17,"column":11}},"3":{"start":{"line":19,"column":2},"end":{"line":21,"column":3}},"4":{"start":{"line":20,"column":4},"end":{"line":20,"column":36}},"5":{"start":{"line":23,"column":2},"end":{"line":23,"column":19}},"6":{"start":{"line":24,"column":3},"end":{"line":24,"column":15}},"7":{"start":{"line":27,"column":0},"end":{"line":27,"column":36}}},"fnMap":{"0":{"name":"chunkArrayInGroups","decl":{"start":{"line":13,"column":10},"end":{"line":13,"column":28}},"loc":{"start":{"line":13,"column":40},"end":{"line":25,"column":1}},"line":13}},"branchMap":{},"s":{"0":6,"1":6,"2":6,"3":6,"4":18,"5":6,"6":6,"7":1},"f":{"0":6},"b":{},"_coverageSchema":"1a1c01bbd47fc00a2c39e90264f33305004495a9","hash":"92b4d473586c1d3a3c4de854b0177ade3d9ee621"}
,"/Volumes/app/algo/其他/字符串数字相加.js": {"path":"/Volumes/app/algo/其他/字符串数字相加.js","statementMap":{"0":{"start":{"line":6,"column":18},"end":{"line":6,"column":37}},"1":{"start":{"line":7,"column":18},"end":{"line":7,"column":37}},"2":{"start":{"line":9,"column":14},"end":{"line":9,"column":80}},"3":{"start":{"line":11,"column":17},"end":{"line":11,"column":19}},"4":{"start":{"line":12,"column":2},"end":{"line":26,"column":3}},"5":{"start":{"line":12,"column":12},"end":{"line":12,"column":13}},"6":{"start":{"line":14,"column":17},"end":{"line":14,"column":40}},"7":{"start":{"line":15,"column":17},"end":{"line":15,"column":40}},"8":{"start":{"line":16,"column":26},"end":{"line":16,"column":40}},"9":{"start":{"line":18,"column":16},"end":{"line":18,"column":43}},"10":{"start":{"line":20,"column":4},"end":{"line":23,"column":5}},"11":{"start":{"line":21,"column":6},"end":{"line":21,"column":22}},"12":{"start":{"line":22,"column":6},"end":{"line":22,"column":15}},"13":{"start":{"line":24,"column":4},"end":{"line":24,"column":20}},"14":{"start":{"line":25,"column":4},"end":{"line":25,"column":25}},"15":{"start":{"line":28,"column":2},"end":{"line":28,"column":35}},"16":{"start":{"line":32,"column":2},"end":{"line":32,"column":41}},"17":{"start":{"line":35,"column":0},"end":{"line":35,"column":27}}},"fnMap":{"0":{"name":"addBigInt","decl":{"start":{"line":5,"column":9},"end":{"line":5,"column":18}},"loc":{"start":{"line":5,"column":31},"end":{"line":29,"column":1}},"line":5},"1":{"name":"reverseString","decl":{"start":{"line":31,"column":9},"end":{"line":31,"column":22}},"loc":{"start":{"line":31,"column":29},"end":{"line":33,"column":1}},"line":31}},"branchMap":{"0":{"loc":{"start":{"line":9,"column":14},"end":{"line":9,"column":80}},"type":"cond-expr","locations":[{"start":{"line":9,"column":49},"end":{"line":9,"column":63}},{"start":{"line":9,"column":66},"end":{"line":9,"column":80}}],"line":9},"1":{"loc":{"start":{"line":14,"column":24},"end":{"line":14,"column":39}},"type":"binary-expr","locations":[{"start":{"line":14,"column":24},"end":{"line":14,"column":34}},{"start":{"line":14,"column":38},"end":{"line":14,"column":39}}],"line":14},"2":{"loc":{"start":{"line":15,"column":24},"end":{"line":15,"column":39}},"type":"binary-expr","locations":[{"start":{"line":15,"column":24},"end":{"line":15,"column":34}},{"start":{"line":15,"column":38},"end":{"line":15,"column":39}}],"line":15},"3":{"loc":{"start":{"line":16,"column":26},"end":{"line":16,"column":40}},"type":"binary-expr","locations":[{"start":{"line":16,"column":26},"end":{"line":16,"column":35}},{"start":{"line":16,"column":39},"end":{"line":16,"column":40}}],"line":16},"4":{"loc":{"start":{"line":20,"column":4},"end":{"line":23,"column":5}},"type":"if","locations":[{"start":{"line":20,"column":4},"end":{"line":23,"column":5}},{"start":{"line":20,"column":4},"end":{"line":23,"column":5}}],"line":20}},"s":{"0":1,"1":1,"2":1,"3":1,"4":1,"5":1,"6":2,"7":2,"8":2,"9":2,"10":2,"11":2,"12":2,"13":0,"14":0,"15":1,"16":2,"17":1},"f":{"0":1,"1":2},"b":{"0":[1,0],"1":[2,0],"2":[2,1],"3":[2,2],"4":[2,0]},"_coverageSchema":"1a1c01bbd47fc00a2c39e90264f33305004495a9","hash":"b08329c043cbe41977f28d6688611f1567ba4293"}
,"/Volumes/app/algo/其他/获取最少硬币.js": {"path":"/Volumes/app/algo/其他/获取最少硬币.js","statementMap":{"0":{"start":{"line":8,"column":0},"end":{"line":24,"column":1}},"1":{"start":{"line":9,"column":2},"end":{"line":9,"column":23}},"2":{"start":{"line":9,"column":14},"end":{"line":9,"column":23}},"3":{"start":{"line":11,"column":14},"end":{"line":11,"column":26}},"4":{"start":{"line":12,"column":2},"end":{"line":12,"column":21}},"5":{"start":{"line":12,"column":11},"end":{"line":12,"column":21}},"6":{"start":{"line":13,"column":2},"end":{"line":13,"column":35}},"7":{"start":{"line":13,"column":30},"end":{"line":13,"column":33}},"8":{"start":{"line":15,"column":14},"end":{"line":15,"column":15}},"9":{"start":{"line":16,"column":12},"end":{"line":16,"column":18}},"10":{"start":{"line":17,"column":2},"end":{"line":22,"column":3}},"11":{"start":{"line":17,"column":12},"end":{"line":17,"column":13}},"12":{"start":{"line":18,"column":4},"end":{"line":18,"column":38}},"13":{"start":{"line":19,"column":4},"end":{"line":19,"column":23}},"14":{"start":{"line":21,"column":4},"end":{"line":21,"column":26}},"15":{"start":{"line":21,"column":13},"end":{"line":21,"column":26}},"16":{"start":{"line":23,"column":2},"end":{"line":23,"column":26}}},"fnMap":{"0":{"name":"getCoins","decl":{"start":{"line":8,"column":26},"end":{"line":8,"column":34}},"loc":{"start":{"line":8,"column":51},"end":{"line":24,"column":1}},"line":8},"1":{"name":"(anonymous_1)","decl":{"start":{"line":13,"column":21},"end":{"line":13,"column":22}},"loc":{"start":{"line":13,"column":30},"end":{"line":13,"column":33}},"line":13}},"branchMap":{"0":{"loc":{"start":{"line":9,"column":2},"end":{"line":9,"column":23}},"type":"if","locations":[{"start":{"line":9,"column":2},"end":{"line":9,"column":23}},{"start":{"line":9,"column":2},"end":{"line":9,"column":23}}],"line":9},"1":{"loc":{"start":{"line":12,"column":2},"end":{"line":12,"column":21}},"type":"if","locations":[{"start":{"line":12,"column":2},"end":{"line":12,"column":21}},{"start":{"line":12,"column":2},"end":{"line":12,"column":21}}],"line":12},"2":{"loc":{"start":{"line":21,"column":4},"end":{"line":21,"column":26}},"type":"if","locations":[{"start":{"line":21,"column":4},"end":{"line":21,"column":26}},{"start":{"line":21,"column":4},"end":{"line":21,"column":26}}],"line":21},"3":{"loc":{"start":{"line":23,"column":9},"end":{"line":23,"column":25}},"type":"cond-expr","locations":[{"start":{"line":23,"column":15},"end":{"line":23,"column":17}},{"start":{"line":23,"column":20},"end":{"line":23,"column":25}}],"line":23}},"s":{"0":1,"1":5,"2":1,"3":4,"4":4,"5":0,"6":4,"7":2,"8":4,"9":4,"10":4,"11":4,"12":6,"13":6,"14":6,"15":3,"16":1},"f":{"0":5,"1":2},"b":{"0":[1,4],"1":[0,4],"2":[3,3],"3":[1,0]},"_coverageSchema":"1a1c01bbd47fc00a2c39e90264f33305004495a9","hash":"b034f346a195bca9a9a01867c53bfedef5b1dee8"}
}
