TN:
SF:其他/以某个长度分割数组.js
FN:13,chunkArrayInGroups
FNF:1
FNH:1
FNDA:6,chunkArrayInGroups
DA:14,6
DA:16,6
DA:17,6
DA:19,6
DA:20,18
DA:23,6
DA:24,6
DA:27,1
LF:8
LH:8
BRF:0
BRH:0
end_of_record
TN:
SF:其他/字符串数字相加.js
FN:5,addBigInt
FN:31,reverseString
FNF:2
FNH:2
FNDA:1,addBigInt
FNDA:2,reverseString
DA:6,1
DA:7,1
DA:9,1
DA:11,1
DA:12,1
DA:14,2
DA:15,2
DA:16,2
DA:18,2
DA:20,2
DA:21,2
DA:22,2
DA:24,0
DA:25,0
DA:28,1
DA:32,2
DA:35,1
LF:17
LH:15
BRDA:9,0,0,1
BRDA:9,0,1,0
BRDA:14,1,0,2
BRDA:14,1,1,0
BRDA:15,2,0,2
BRDA:15,2,1,1
BRDA:16,3,0,2
BRDA:16,3,1,2
BRDA:20,4,0,2
BRDA:20,4,1,0
BRF:10
BRH:7
end_of_record
TN:
SF:其他/获取最少硬币.js
FN:8,getCoins
FN:13,(anonymous_1)
FNF:2
FNH:2
FNDA:5,getCoins
FNDA:2,(anonymous_1)
DA:8,1
DA:9,5
DA:11,4
DA:12,4
DA:13,4
DA:15,4
DA:16,4
DA:17,4
DA:18,6
DA:19,6
DA:21,6
DA:23,1
LF:12
LH:12
BRDA:9,0,0,1
BRDA:9,0,1,4
BRDA:12,1,0,0
BRDA:12,1,1,4
BRDA:21,2,0,3
BRDA:21,2,1,3
BRDA:23,3,0,1
BRDA:23,3,1,0
BRF:8
BRH:6
end_of_record
